<?xml version="1.0" encoding="UTF-8"?>
<testsuite xmlns:xsi="http://www.w3.org/2001/XMLSchema-instance" xsi:noNamespaceSchemaLocation="https://maven.apache.org/surefire/maven-surefire-plugin/xsd/surefire-test-report-3.0.xsd" version="3.0" name="codeAnalysis.EvaluationTest" time="0.065" tests="38" errors="0" skipped="0" failures="0">
  <properties>
    <property name="java.specification.version" value="21"/>
    <property name="sun.jnu.encoding" value="UTF-8"/>
    <property name="java.class.path" value="/home/fatima/Desktop/java/java_compiler/target/test-classes:/home/fatima/Desktop/java/java_compiler/target/classes:/home/fatima/.m2/repository/org/junit/jupiter/junit-jupiter-engine/5.9.3/junit-jupiter-engine-5.9.3.jar:/home/fatima/.m2/repository/org/junit/platform/junit-platform-engine/1.10.0/junit-platform-engine-1.10.0.jar:/home/fatima/.m2/repository/org/apiguardian/apiguardian-api/1.1.2/apiguardian-api-1.1.2.jar:/home/fatima/.m2/repository/org/junit/jupiter/junit-jupiter-params/5.10.0/junit-jupiter-params-5.10.0.jar:/home/fatima/.m2/repository/org/junit/jupiter/junit-jupiter-api/5.9.3/junit-jupiter-api-5.9.3.jar:/home/fatima/.m2/repository/org/opentest4j/opentest4j/1.2.0/opentest4j-1.2.0.jar:/home/fatima/.m2/repository/org/junit/platform/junit-platform-commons/1.10.0/junit-platform-commons-1.10.0.jar:/home/fatima/.m2/repository/org/mockito/mockito-core/5.5.0/mockito-core-5.5.0.jar:/home/fatima/.m2/repository/net/bytebuddy/byte-buddy/1.14.6/byte-buddy-1.14.6.jar:/home/fatima/.m2/repository/net/bytebuddy/byte-buddy-agent/1.14.6/byte-buddy-agent-1.14.6.jar:/home/fatima/.m2/repository/org/objenesis/objenesis/3.3/objenesis-3.3.jar:/home/fatima/.m2/repository/org/assertj/assertj-core/3.24.2/assertj-core-3.24.2.jar:/home/fatima/.m2/repository/org/jetbrains/annotations/13.0/annotations-13.0.jar:"/>
    <property name="java.vm.vendor" value="Ubuntu"/>
    <property name="sun.arch.data.model" value="64"/>
    <property name="java.vendor.url" value="https://ubuntu.com/"/>
    <property name="os.name" value="Linux"/>
    <property name="java.vm.specification.version" value="21"/>
    <property name="sun.java.launcher" value="SUN_STANDARD"/>
    <property name="user.country" value="US"/>
    <property name="sun.boot.library.path" value="/usr/lib/jvm/java-21-openjdk-amd64/lib"/>
    <property name="sun.java.command" value="/home/fatima/Desktop/java/java_compiler/target/surefire/surefirebooter-20250206140518414_3.jar /home/fatima/Desktop/java/java_compiler/target/surefire 2025-02-06T14-05-18_369-jvmRun1 surefire-20250206140518414_1tmp surefire_0-20250206140518414_2tmp"/>
    <property name="jdk.debug" value="release"/>
    <property name="surefire.test.class.path" value="/home/fatima/Desktop/java/java_compiler/target/test-classes:/home/fatima/Desktop/java/java_compiler/target/classes:/home/fatima/.m2/repository/org/junit/jupiter/junit-jupiter-engine/5.9.3/junit-jupiter-engine-5.9.3.jar:/home/fatima/.m2/repository/org/junit/platform/junit-platform-engine/1.10.0/junit-platform-engine-1.10.0.jar:/home/fatima/.m2/repository/org/apiguardian/apiguardian-api/1.1.2/apiguardian-api-1.1.2.jar:/home/fatima/.m2/repository/org/junit/jupiter/junit-jupiter-params/5.10.0/junit-jupiter-params-5.10.0.jar:/home/fatima/.m2/repository/org/junit/jupiter/junit-jupiter-api/5.9.3/junit-jupiter-api-5.9.3.jar:/home/fatima/.m2/repository/org/opentest4j/opentest4j/1.2.0/opentest4j-1.2.0.jar:/home/fatima/.m2/repository/org/junit/platform/junit-platform-commons/1.10.0/junit-platform-commons-1.10.0.jar:/home/fatima/.m2/repository/org/mockito/mockito-core/5.5.0/mockito-core-5.5.0.jar:/home/fatima/.m2/repository/net/bytebuddy/byte-buddy/1.14.6/byte-buddy-1.14.6.jar:/home/fatima/.m2/repository/net/bytebuddy/byte-buddy-agent/1.14.6/byte-buddy-agent-1.14.6.jar:/home/fatima/.m2/repository/org/objenesis/objenesis/3.3/objenesis-3.3.jar:/home/fatima/.m2/repository/org/assertj/assertj-core/3.24.2/assertj-core-3.24.2.jar:/home/fatima/.m2/repository/org/jetbrains/annotations/13.0/annotations-13.0.jar:"/>
    <property name="sun.cpu.endian" value="little"/>
    <property name="user.home" value="/home/fatima"/>
    <property name="user.language" value="en"/>
    <property name="java.specification.vendor" value="Oracle Corporation"/>
    <property name="java.version.date" value="2024-10-15"/>
    <property name="java.home" value="/usr/lib/jvm/java-21-openjdk-amd64"/>
    <property name="file.separator" value="/"/>
    <property name="basedir" value="/home/fatima/Desktop/java/java_compiler"/>
    <property name="java.vm.compressedOopsMode" value="Zero based"/>
    <property name="line.separator" value="&#10;"/>
    <property name="java.specification.name" value="Java Platform API Specification"/>
    <property name="java.vm.specification.vendor" value="Oracle Corporation"/>
    <property name="surefire.real.class.path" value="/home/fatima/Desktop/java/java_compiler/target/surefire/surefirebooter-20250206140518414_3.jar"/>
    <property name="sun.management.compiler" value="HotSpot 64-Bit Tiered Compilers"/>
    <property name="java.runtime.version" value="21.0.5+11-Ubuntu-1ubuntu122.04"/>
    <property name="user.name" value="fatima"/>
    <property name="stdout.encoding" value="UTF-8"/>
    <property name="path.separator" value=":"/>
    <property name="os.version" value="6.8.0-52-generic"/>
    <property name="java.runtime.name" value="OpenJDK Runtime Environment"/>
    <property name="file.encoding" value="UTF-8"/>
    <property name="java.vm.name" value="OpenJDK 64-Bit Server VM"/>
    <property name="localRepository" value="/home/fatima/.m2/repository"/>
    <property name="java.vendor.url.bug" value="https://bugs.launchpad.net/ubuntu/+source/openjdk-21"/>
    <property name="java.io.tmpdir" value="/tmp"/>
    <property name="java.version" value="21.0.5"/>
    <property name="user.dir" value="/home/fatima/Desktop/java/java_compiler"/>
    <property name="os.arch" value="amd64"/>
    <property name="java.vm.specification.name" value="Java Virtual Machine Specification"/>
    <property name="native.encoding" value="UTF-8"/>
    <property name="java.library.path" value="/usr/java/packages/lib:/usr/lib/x86_64-linux-gnu/jni:/lib/x86_64-linux-gnu:/usr/lib/x86_64-linux-gnu:/usr/lib/jni:/lib:/usr/lib"/>
    <property name="java.vm.info" value="mixed mode, sharing"/>
    <property name="stderr.encoding" value="UTF-8"/>
    <property name="java.vendor" value="Ubuntu"/>
    <property name="java.vm.version" value="21.0.5+11-Ubuntu-1ubuntu122.04"/>
    <property name="sun.io.unicode.encoding" value="UnicodeLittle"/>
    <property name="java.class.version" value="65.0"/>
  </properties>
  <testcase name="evaluator_unary2_Reports_undefined" classname="codeAnalysis.EvaluationTest" time="0.007"/>
  <testcase name="evaluator_NameExpression_Reports_Undefined" classname="codeAnalysis.EvaluationTest" time="0.003"/>
  <testcase name="evaluator_unary_Reports_undefined" classname="codeAnalysis.EvaluationTest" time="0.0"/>
  <testcase name="evaluator_VariableDeclaration_Reports_Redeclaration" classname="codeAnalysis.EvaluationTest" time="0.001"/>
  <testcase name="evaluator_binary_Reports_undefined" classname="codeAnalysis.EvaluationTest" time="0.003"/>
  <testcase name="evaluator_computes_correctValues(String, Object)[1]" classname="codeAnalysis.EvaluationTest" time="0.003">
    <system-out><![CDATA[Result: 1
]]></system-out>
  </testcase>
  <testcase name="evaluator_computes_correctValues(String, Object)[2]" classname="codeAnalysis.EvaluationTest" time="0.001">
    <system-out><![CDATA[Result: 1
]]></system-out>
  </testcase>
  <testcase name="evaluator_computes_correctValues(String, Object)[3]" classname="codeAnalysis.EvaluationTest" time="0.001">
    <system-out><![CDATA[Result: -1
]]></system-out>
  </testcase>
  <testcase name="evaluator_computes_correctValues(String, Object)[4]" classname="codeAnalysis.EvaluationTest" time="0.0">
    <system-out><![CDATA[
Result: 26
]]></system-out>
  </testcase>
  <testcase name="evaluator_computes_correctValues(String, Object)[5]" classname="codeAnalysis.EvaluationTest" time="0.001">
    <system-out><![CDATA[
Result: 9
]]></system-out>
  </testcase>
  <testcase name="evaluator_computes_correctValues(String, Object)[6]" classname="codeAnalysis.EvaluationTest" time="0.001">
    <system-out><![CDATA[
Result: 8
]]></system-out>
  </testcase>
  <testcase name="evaluator_computes_correctValues(String, Object)[7]" classname="codeAnalysis.EvaluationTest" time="0.001">
    <system-out><![CDATA[
Result: 3
]]></system-out>
  </testcase>
  <testcase name="evaluator_computes_correctValues(String, Object)[8]" classname="codeAnalysis.EvaluationTest" time="0.001">
    <system-out><![CDATA[Result: 10
]]></system-out>
  </testcase>
  <testcase name="evaluator_computes_correctValues(String, Object)[9]" classname="codeAnalysis.EvaluationTest" time="0.002">
    <system-out><![CDATA[
Result: false
]]></system-out>
  </testcase>
  <testcase name="evaluator_computes_correctValues(String, Object)[10]" classname="codeAnalysis.EvaluationTest" time="0.0">
    <system-out><![CDATA[
Result: true
]]></system-out>
  </testcase>
  <testcase name="evaluator_computes_correctValues(String, Object)[11]" classname="codeAnalysis.EvaluationTest" time="0.001">
    <system-out><![CDATA[
Result: true
]]></system-out>
  </testcase>
  <testcase name="evaluator_computes_correctValues(String, Object)[12]" classname="codeAnalysis.EvaluationTest" time="0.0">
    <system-out><![CDATA[
Result: false
]]></system-out>
  </testcase>
  <testcase name="evaluator_computes_correctValues(String, Object)[13]" classname="codeAnalysis.EvaluationTest" time="0.001">
    <system-out><![CDATA[
Result: true
]]></system-out>
  </testcase>
  <testcase name="evaluator_computes_correctValues(String, Object)[14]" classname="codeAnalysis.EvaluationTest" time="0.001">
    <system-out><![CDATA[
Result: false
]]></system-out>
  </testcase>
  <testcase name="evaluator_computes_correctValues(String, Object)[15]" classname="codeAnalysis.EvaluationTest" time="0.001">
    <system-out><![CDATA[
Result: false
]]></system-out>
  </testcase>
  <testcase name="evaluator_computes_correctValues(String, Object)[16]" classname="codeAnalysis.EvaluationTest" time="0.0">
    <system-out><![CDATA[
Result: true
]]></system-out>
  </testcase>
  <testcase name="evaluator_computes_correctValues(String, Object)[17]" classname="codeAnalysis.EvaluationTest" time="0.001">
    <system-out><![CDATA[Result: true
]]></system-out>
  </testcase>
  <testcase name="evaluator_computes_correctValues(String, Object)[18]" classname="codeAnalysis.EvaluationTest" time="0.001">
    <system-out><![CDATA[Result: false
]]></system-out>
  </testcase>
  <testcase name="evaluator_computes_correctValues(String, Object)[19]" classname="codeAnalysis.EvaluationTest" time="0.0">
    <system-out><![CDATA[Result: false
]]></system-out>
  </testcase>
  <testcase name="evaluator_computes_correctValues(String, Object)[20]" classname="codeAnalysis.EvaluationTest" time="0.0">
    <system-out><![CDATA[Result: true
]]></system-out>
  </testcase>
  <testcase name="evaluator_computes_correctValues(String, Object)[21]" classname="codeAnalysis.EvaluationTest" time="0.003">
    <system-out><![CDATA[Variable: a, isReadOnly: false

Result: 100
]]></system-out>
  </testcase>
  <testcase name="evaluator_computes_correctValues(String, Object)[22]" classname="codeAnalysis.EvaluationTest" time="0.001">
    <system-out><![CDATA[
Result: true
]]></system-out>
  </testcase>
  <testcase name="evaluator_computes_correctValues(String, Object)[23]" classname="codeAnalysis.EvaluationTest" time="0.001">
    <system-out><![CDATA[
Result: false
]]></system-out>
  </testcase>
  <testcase name="evaluator_computes_correctValues(String, Object)[24]" classname="codeAnalysis.EvaluationTest" time="0.0">
    <system-out><![CDATA[
Result: true
]]></system-out>
  </testcase>
  <testcase name="evaluator_computes_correctValues(String, Object)[25]" classname="codeAnalysis.EvaluationTest" time="0.0">
    <system-out><![CDATA[
Result: true
]]></system-out>
  </testcase>
  <testcase name="evaluator_computes_correctValues(String, Object)[26]" classname="codeAnalysis.EvaluationTest" time="0.001">
    <system-out><![CDATA[
Result: false
]]></system-out>
  </testcase>
  <testcase name="evaluator_computes_correctValues(String, Object)[27]" classname="codeAnalysis.EvaluationTest" time="0.001">
    <system-out><![CDATA[
Result: true
]]></system-out>
  </testcase>
  <testcase name="evaluator_computes_correctValues(String, Object)[28]" classname="codeAnalysis.EvaluationTest" time="0.0">
    <system-out><![CDATA[
Result: false
]]></system-out>
  </testcase>
  <testcase name="evaluator_computes_correctValues(String, Object)[29]" classname="codeAnalysis.EvaluationTest" time="0.0">
    <system-out><![CDATA[
Result: true
]]></system-out>
  </testcase>
  <testcase name="evaluator_computes_correctValues(String, Object)[30]" classname="codeAnalysis.EvaluationTest" time="0.0">
    <system-out><![CDATA[
Result: true
]]></system-out>
  </testcase>
  <testcase name="evaluator_computes_correctValues(String, Object)[31]" classname="codeAnalysis.EvaluationTest" time="0.001">
    <system-out><![CDATA[
Result: false
]]></system-out>
  </testcase>
  <testcase name="evaluator_binary_withOR_Reports_undefined" classname="codeAnalysis.EvaluationTest" time="0.001"/>
  <testcase name="evaluator_AssignmentExpression_Reports_CannotAssign" classname="codeAnalysis.EvaluationTest" time="0.0"/>
</testsuite>